# JRE version: OpenJDK Runtime Environment (18.0.1.1+2) (build 18.0.1.1+2-6)
# Java VM: OpenJDK 64-Bit Server VM (18.0.1.1+2-6, mixed mode, sharing, tiered, compressed oops, compressed class ptrs, g1 gc, windows-amd64)
GC Precious Log:
 CardTable entry size: 512
 Card Set container configuration: InlinePtr #cards 5 size 8 Array Of Cards #cards 12 size 40 Howl #buckets 4 coarsen threshold 1843 Howl Bitmap #cards 512 size 80 coarsen threshold 460 Card regions per heap region 1 cards per card region 2048
 CPUs: 8 total, 8 available
 Memory: 7885M
 Large Page Support: Disabled
 NUMA Support: Disabled
 Compressed Oops: Enabled (32-bit)
 Heap Region Size: 1M
 Heap Min Capacity: 8M
 Heap Initial Capacity: 124M
 Heap Max Capacity: 1972M
 Pre-touch: Disabled
 Parallel Workers: 8
 Concurrent Workers: 2
 Concurrent Refinement Workers: 8
 Periodic GC: Disabled
Heap:
 garbage-first heap   total 126976K, used 24614K [0x0000000084c00000, 0x0000000100000000)
  region size 1024K, 20 young (20480K), 1 survivors (1024K)
 Metaspace       used 6810K, committed 7040K, reserved 1114112K
  class space    used 316K, committed 448K, reserved 1048576K
GC Heap History (14 events):
Event: 0.996 GC heap before
{Heap before GC invocations=0 (full 0):
 garbage-first heap   total 126976K, used 22528K [0x0000000084c00000, 0x0000000100000000)
  region size 1024K, 23 young (23552K), 0 survivors (0K)
 Metaspace       used 6121K, committed 6336K, reserved 1114112K
  class space    used 304K, committed 384K, reserved 1048576K
}
Event: 1.004 GC heap after
{Heap after GC invocations=1 (full 0):
 garbage-first heap   total 126976K, used 5591K [0x0000000084c00000, 0x0000000100000000)
  region size 1024K, 3 young (3072K), 3 survivors (3072K)
 Metaspace       used 6121K, committed 6336K, reserved 1114112K
  class space    used 304K, committed 384K, reserved 1048576K
}
Event: 3.441 GC heap before
{Heap before GC invocations=1 (full 0):
 garbage-first heap   total 126976K, used 33239K [0x0000000084c00000, 0x0000000100000000)
  region size 1024K, 30 young (30720K), 3 survivors (3072K)
 Metaspace       used 6458K, committed 6720K, reserved 1114112K
  class space    used 316K, committed 448K, reserved 1048576K
}
Event: 3.445 GC heap after
{Heap after GC invocations=2 (full 0):
 garbage-first heap   total 126976K, used 6588K [0x0000000084c00000, 0x0000000100000000)
  region size 1024K, 1 young (1024K), 1 survivors (1024K)
 Metaspace       used 6458K, committed 6720K, reserved 1114112K
  class space    used 316K, committed 448K, reserved 1048576K
}
Event: 8.379 GC heap before
{Heap before GC invocations=2 (full 0):
 garbage-first heap   total 126976K, used 60860K [0x0000000084c00000, 0x0000000100000000)
  region size 1024K, 54 young (55296K), 1 survivors (1024K)
 Metaspace       used 6536K, committed 6784K, reserved 1114112K
  class space    used 316K, committed 448K, reserved 1048576K
}
Event: 8.380 GC heap after
{Heap after GC invocations=3 (full 0):
 garbage-first heap   total 126976K, used 6245K [0x0000000084c00000, 0x0000000100000000)
  region size 1024K, 1 young (1024K), 1 survivors (1024K)
 Metaspace       used 6536K, committed 6784K, reserved 1114112K
  class space    used 316K, committed 448K, reserved 1048576K
}
Event: 15.269 GC heap before
{Heap before GC invocations=3 (full 0):
 garbage-first heap   total 126976K, used 80997K [0x0000000084c00000, 0x0000000100000000)
  region size 1024K, 74 young (75776K), 1 survivors (1024K)
 Metaspace       used 6621K, committed 6848K, reserved 1114112K
  class space    used 316K, committed 448K, reserved 1048576K
}
Event: 15.270 GC heap after
{Heap after GC invocations=4 (full 0):
 garbage-first heap   total 126976K, used 6186K [0x0000000084c00000, 0x0000000100000000)
  region size 1024K, 1 young (1024K), 1 survivors (1024K)
 Metaspace       used 6621K, committed 6848K, reserved 1114112K
  class space    used 316K, committed 448K, reserved 1048576K
}
Event: 23.011 GC heap before
{Heap before GC invocations=4 (full 0):
 garbage-first heap   total 126976K, used 80938K [0x0000000084c00000, 0x0000000100000000)
  region size 1024K, 74 young (75776K), 1 survivors (1024K)
 Metaspace       used 6690K, committed 6912K, reserved 1114112K
  class space    used 316K, committed 448K, reserved 1048576K
}
Event: 23.014 GC heap after
{Heap after GC invocations=5 (full 0):
 garbage-first heap   total 126976K, used 6178K [0x0000000084c00000, 0x0000000100000000)
  region size 1024K, 1 young (1024K), 1 survivors (1024K)
 Metaspace       used 6690K, committed 6912K, reserved 1114112K
  class space    used 316K, committed 448K, reserved 1048576K
}
Event: 29.902 GC heap before
{Heap before GC invocations=5 (full 0):
 garbage-first heap   total 126976K, used 80930K [0x0000000084c00000, 0x0000000100000000)
  region size 1024K, 74 young (75776K), 1 survivors (1024K)
 Metaspace       used 6807K, committed 6976K, reserved 1114112K
  class space    used 316K, committed 448K, reserved 1048576K
}
Event: 29.903 GC heap after
{Heap after GC invocations=6 (full 0):
 garbage-first heap   total 126976K, used 6250K [0x0000000084c00000, 0x0000000100000000)
  region size 1024K, 1 young (1024K), 1 survivors (1024K)
 Metaspace       used 6807K, committed 6976K, reserved 1114112K
  class space    used 316K, committed 448K, reserved 1048576K
}
Event: 36.959 GC heap before
{Heap before GC invocations=6 (full 0):
 garbage-first heap   total 126976K, used 81002K [0x0000000084c00000, 0x0000000100000000)
  region size 1024K, 74 young (75776K), 1 survivors (1024K)
 Metaspace       used 6807K, committed 6976K, reserved 1114112K
  class space    used 316K, committed 448K, reserved 1048576K
}
Event: 36.960 GC heap after
{Heap after GC invocations=7 (full 0):
 garbage-first heap   total 126976K, used 6182K [0x0000000084c00000, 0x0000000100000000)
  region size 1024K, 1 young (1024K), 1 survivors (1024K)
 Metaspace       used 6807K, committed 6976K, reserved 1114112K
  class space    used 316K, committed 448K, reserved 1048576K
}

